2023-07-02T14:41:32.743+07:00  INFO 13128 --- [main] edu.hust.it4409.ServerBootstrap          : Starting ServerBootstrap using Java 19.0.1 with PID 13128 (D:\Studying\Code\Java\Project\Booking\nhom24-booking-server\build\classes\java\main started by admin in D:\Studying\Code\Java\Project\Booking\nhom24-booking-server)
2023-07-02T14:41:32.752+07:00  INFO 13128 --- [main] edu.hust.it4409.ServerBootstrap          : The following 2 profiles are active: "dev", "pg"
2023-07-02T14:41:33.057+07:00  INFO 13128 --- [main] .s.d.r.c.RepositoryConfigurationDelegate : Bootstrapping Spring Data JPA repositories in DEFAULT mode.
2023-07-02T14:41:33.204+07:00  INFO 13128 --- [main] .s.d.r.c.RepositoryConfigurationDelegate : Finished Spring Data repository scanning in 139 ms. Found 2 JPA repository interfaces.
2023-07-02T14:41:33.482+07:00  INFO 13128 --- [main] com.zaxxer.hikari.HikariDataSource       : Application Connection Pool - Starting...
2023-07-02T14:41:33.984+07:00  INFO 13128 --- [main] com.zaxxer.hikari.pool.HikariPool        : Application Connection Pool - Added connection org.postgresql.jdbc.PgConnection@659a2455
2023-07-02T14:41:33.987+07:00  INFO 13128 --- [main] com.zaxxer.hikari.HikariDataSource       : Application Connection Pool - Start completed.
2023-07-02T14:41:34.102+07:00  INFO 13128 --- [main] o.hibernate.jpa.internal.util.LogHelper  : HHH000204: Processing PersistenceUnitInfo [name: default]
2023-07-02T14:41:34.144+07:00  INFO 13128 --- [main] org.hibernate.Version                    : HHH000412: Hibernate ORM core version 6.1.7.Final
2023-07-02T14:41:34.446+07:00  INFO 13128 --- [main] SQL dialect                              : HHH000400: Using dialect: org.hibernate.dialect.PostgreSQLDialect
2023-07-02T14:41:35.416+07:00  INFO 13128 --- [main] o.h.e.t.j.p.i.JtaPlatformInitiator       : HHH000490: Using JtaPlatform implementation: [org.hibernate.engine.transaction.jta.platform.internal.NoJtaPlatform]
2023-07-02T14:41:35.425+07:00  INFO 13128 --- [main] j.LocalContainerEntityManagerFactoryBean : Initialized JPA EntityManagerFactory for persistence unit 'default'
2023-07-02T14:41:35.967+07:00  INFO 13128 --- [main] edu.hust.it4409.ServerBootstrap          : Started ServerBootstrap in 3.781 seconds (process running for 4.435)
2023-07-02T14:41:36.007+07:00  INFO 13128 --- [main] edu.hust.it4409.ServerBootstrap          : The following 2 profiles are active: "dev", "pg"
2023-07-02T14:41:36.324+07:00  INFO 13128 --- [main] o.s.b.w.embedded.tomcat.TomcatWebServer  : Tomcat initialized with port(s): 8080 (http)
2023-07-02T14:41:36.333+07:00  INFO 13128 --- [main] o.apache.catalina.core.StandardService   : Starting service [Tomcat]
2023-07-02T14:41:36.334+07:00  INFO 13128 --- [main] o.apache.catalina.core.StandardEngine    : Starting Servlet engine: [Apache Tomcat/10.1.8]
2023-07-02T14:41:36.457+07:00  INFO 13128 --- [main] o.a.c.c.C.[Tomcat].[localhost].[/]       : Initializing Spring embedded WebApplicationContext
2023-07-02T14:41:36.457+07:00  INFO 13128 --- [main] w.s.c.ServletWebServerApplicationContext : Root WebApplicationContext: initialization completed in 445 ms
2023-07-02T14:41:36.504+07:00  WARN 13128 --- [main] o.s.security.core.userdetails.User       : User.withDefaultPasswordEncoder() is considered unsafe for production and is only intended for sample applications.
2023-07-02T14:41:36.599+07:00  WARN 13128 --- [main] o.s.security.core.userdetails.User       : User.withDefaultPasswordEncoder() is considered unsafe for production and is only intended for sample applications.
2023-07-02T14:41:36.813+07:00  INFO 13128 --- [main] o.s.s.web.DefaultSecurityFilterChain     : Will secure any request with [org.springframework.security.web.session.DisableEncodeUrlFilter@356cb230, org.springframework.security.web.context.request.async.WebAsyncManagerIntegrationFilter@50b78155, org.springframework.security.web.context.SecurityContextHolderFilter@34893693, org.springframework.security.web.header.HeaderWriterFilter@7daf167, org.springframework.security.web.authentication.logout.LogoutFilter@23a9400c, org.springframework.security.web.authentication.UsernamePasswordAuthenticationFilter@1a3e8b68, org.springframework.security.web.authentication.ui.DefaultLoginPageGeneratingFilter@a5df98c, org.springframework.security.web.authentication.ui.DefaultLogoutPageGeneratingFilter@1e284d90, org.springframework.security.web.authentication.www.BasicAuthenticationFilter@45a40353, org.springframework.security.web.savedrequest.RequestCacheAwareFilter@2f70d78c, org.springframework.security.web.servletapi.SecurityContextHolderAwareRequestFilter@58fadccb, org.springframework.security.web.authentication.AnonymousAuthenticationFilter@61c11339, org.springframework.security.web.access.ExceptionTranslationFilter@25af1dbf, org.springframework.security.web.access.intercept.AuthorizationFilter@352d3749]
2023-07-02T14:41:36.932+07:00  INFO 13128 --- [main] o.s.b.w.embedded.tomcat.TomcatWebServer  : Tomcat started on port(s): 8080 (http) with context path ''
2023-07-02T14:41:36.935+07:00  INFO 13128 --- [main] edu.hust.it4409.ServerBootstrap          : Started ServerBootstrap in 0.965 seconds (process running for 5.404)
